This is pdfTeX, Version 3.14159265-2.6-1.40.19 (TeX Live 2019/dev/Debian) (preloaded format=pdflatex 2019.8.19)  19 AUG 2019 12:52
entering extended mode
 restricted \write18 enabled.
 %&-line parsing enabled.
**Graphreader.tex
(./Graphreader.tex
LaTeX2e <2018-12-01>
(/usr/share/texlive/texmf-dist/tex/latex/koma-script/scrreprt.cls
Document Class: scrreprt 2019/02/01 v3.26b KOMA-Script document class (report)
(/usr/share/texlive/texmf-dist/tex/latex/koma-script/scrkbase.sty
Package: scrkbase 2019/02/01 v3.26b KOMA-Script package (KOMA-Script-dependent 
basics and keyval usage)

(/usr/share/texlive/texmf-dist/tex/latex/koma-script/scrbase.sty
Package: scrbase 2019/02/01 v3.26b KOMA-Script package (KOMA-Script-independent
 basics and keyval usage)

(/usr/share/texlive/texmf-dist/tex/latex/graphics/keyval.sty
Package: keyval 2014/10/28 v1.15 key=value parser (DPC)
\KV@toks@=\toks14
)
(/usr/share/texlive/texmf-dist/tex/latex/koma-script/scrlfile.sty
Package: scrlfile 2019/02/01 v3.26b KOMA-Script package (loading files)
)))
(/usr/share/texlive/texmf-dist/tex/latex/koma-script/tocbasic.sty
Package: tocbasic 2019/02/01 v3.26b KOMA-Script package (handling toc-files)
\scr@dte@tocline@numberwidth=\skip41
\scr@dte@tocline@numbox=\box27
)
Package tocbasic Info: omitting babel extension for `toc'
(tocbasic)             because of feature `nobabel' available
(tocbasic)             for `toc' on input line 136.
Class scrreprt Info: File `scrsize11pt.clo' used instead of
(scrreprt)           file `scrsize11.clo' to setup font sizes on input line 237
3.

(/usr/share/texlive/texmf-dist/tex/latex/koma-script/scrsize11pt.clo
File: scrsize11pt.clo 2019/02/01 v3.26b KOMA-Script font size class option (11p
t)
)
(/usr/share/texlive/texmf-dist/tex/latex/koma-script/typearea.sty
Package: typearea 2019/02/01 v3.26b KOMA-Script package (type area)
\ta@bcor=\skip42
\ta@div=\count80
\ta@hblk=\skip43
\ta@vblk=\skip44
\ta@temp=\skip45
\footheight=\skip46
Package typearea Info: These are the values describing the layout:
(typearea)             DIV  = 10
(typearea)             BCOR = 0.0pt
(typearea)             \paperwidth      = 597.50793pt
(typearea)              \textwidth      = 418.25555pt
(typearea)              DIV departure   = -6%
(typearea)              \evensidemargin = 17.3562pt
(typearea)              \oddsidemargin  = 17.3562pt
(typearea)             \paperheight     = 845.04694pt
(typearea)              \textheight     = 595.80026pt
(typearea)              \topmargin      = -25.16531pt
(typearea)              \headheight     = 17.0pt
(typearea)              \headsep        = 20.40001pt
(typearea)              \topskip        = 11.0pt
(typearea)              \footskip       = 47.6pt
(typearea)              \baselineskip   = 13.6pt
(typearea)              on input line 1715.
)
\c@part=\count81
\c@chapter=\count82
\c@section=\count83
\c@subsection=\count84
\c@subsubsection=\count85
\c@paragraph=\count86
\c@subparagraph=\count87
\scr@dte@chapter@maxnumwidth=\skip47
Class scrreprt Info: using compatibility default `afterindent=bysign'
(scrreprt)           for `\chapter on input line 5305.
\scr@dte@section@maxnumwidth=\skip48
Class scrreprt Info: using compatibility default `runin=bysign'
(scrreprt)           for `\section on input line 5315.
Class scrreprt Info: using compatibility default `afterindent=bysign'
(scrreprt)           for `\section on input line 5315.
\scr@dte@part@maxnumwidth=\skip49
Class scrreprt Info: using compatibility default `afterindent=true'
(scrreprt)           for `\part on input line 5324.
\scr@dte@subsection@maxnumwidth=\skip50
Class scrreprt Info: using compatibility default `runin=bysign'
(scrreprt)           for `\subsection on input line 5334.
Class scrreprt Info: using compatibility default `afterindent=bysign'
(scrreprt)           for `\subsection on input line 5334.
\scr@dte@subsubsection@maxnumwidth=\skip51
Class scrreprt Info: using compatibility default `runin=bysign'
(scrreprt)           for `\subsubsection on input line 5344.
Class scrreprt Info: using compatibility default `afterindent=bysign'
(scrreprt)           for `\subsubsection on input line 5344.
\scr@dte@paragraph@maxnumwidth=\skip52
Class scrreprt Info: using compatibility default `runin=bysign'
(scrreprt)           for `\paragraph on input line 5354.
Class scrreprt Info: using compatibility default `afterindent=bysign'
(scrreprt)           for `\paragraph on input line 5354.
\scr@dte@subparagraph@maxnumwidth=\skip53
Class scrreprt Info: using compatibility default `runin=bysign'
(scrreprt)           for `\subparagraph on input line 5364.
Class scrreprt Info: using compatibility default `afterindent=bysign'
(scrreprt)           for `\subparagraph on input line 5364.
\abovecaptionskip=\skip54
\belowcaptionskip=\skip55
\c@pti@nb@sid@b@x=\box28
Package tocbasic Info: omitting babel extension for `lof'
(tocbasic)             because of feature `nobabel' available
(tocbasic)             for `lof' on input line 6613.
\scr@dte@figure@maxnumwidth=\skip56
\c@figure=\count88
Package tocbasic Info: omitting babel extension for `lot'
(tocbasic)             because of feature `nobabel' available
(tocbasic)             for `lot' on input line 6630.
\scr@dte@table@maxnumwidth=\skip57
\c@table=\count89
Class scrreprt Info: Redefining `\numberline' on input line 6799.
\bibindent=\dimen102
)
(/usr/share/texmf/tex/latex/lm/lmodern.sty
Package: lmodern 2009/10/30 v1.6 Latin Modern Fonts
LaTeX Font Info:    Overwriting symbol font `operators' in version `normal'
(Font)                  OT1/cmr/m/n --> OT1/lmr/m/n on input line 22.
LaTeX Font Info:    Overwriting symbol font `letters' in version `normal'
(Font)                  OML/cmm/m/it --> OML/lmm/m/it on input line 23.
LaTeX Font Info:    Overwriting symbol font `symbols' in version `normal'
(Font)                  OMS/cmsy/m/n --> OMS/lmsy/m/n on input line 24.
LaTeX Font Info:    Overwriting symbol font `largesymbols' in version `normal'
(Font)                  OMX/cmex/m/n --> OMX/lmex/m/n on input line 25.
LaTeX Font Info:    Overwriting symbol font `operators' in version `bold'
(Font)                  OT1/cmr/bx/n --> OT1/lmr/bx/n on input line 26.
LaTeX Font Info:    Overwriting symbol font `letters' in version `bold'
(Font)                  OML/cmm/b/it --> OML/lmm/b/it on input line 27.
LaTeX Font Info:    Overwriting symbol font `symbols' in version `bold'
(Font)                  OMS/cmsy/b/n --> OMS/lmsy/b/n on input line 28.
LaTeX Font Info:    Overwriting symbol font `largesymbols' in version `bold'
(Font)                  OMX/cmex/m/n --> OMX/lmex/m/n on input line 29.
LaTeX Font Info:    Overwriting math alphabet `\mathbf' in version `normal'
(Font)                  OT1/cmr/bx/n --> OT1/lmr/bx/n on input line 31.
LaTeX Font Info:    Overwriting math alphabet `\mathsf' in version `normal'
(Font)                  OT1/cmss/m/n --> OT1/lmss/m/n on input line 32.
LaTeX Font Info:    Overwriting math alphabet `\mathit' in version `normal'
(Font)                  OT1/cmr/m/it --> OT1/lmr/m/it on input line 33.
LaTeX Font Info:    Overwriting math alphabet `\mathtt' in version `normal'
(Font)                  OT1/cmtt/m/n --> OT1/lmtt/m/n on input line 34.
LaTeX Font Info:    Overwriting math alphabet `\mathbf' in version `bold'
(Font)                  OT1/cmr/bx/n --> OT1/lmr/bx/n on input line 35.
LaTeX Font Info:    Overwriting math alphabet `\mathsf' in version `bold'
(Font)                  OT1/cmss/bx/n --> OT1/lmss/bx/n on input line 36.
LaTeX Font Info:    Overwriting math alphabet `\mathit' in version `bold'
(Font)                  OT1/cmr/bx/it --> OT1/lmr/bx/it on input line 37.
LaTeX Font Info:    Overwriting math alphabet `\mathtt' in version `bold'
(Font)                  OT1/cmtt/m/n --> OT1/lmtt/m/n on input line 38.
)
(/usr/share/texlive/texmf-dist/tex/latex/amsfonts/amssymb.sty
Package: amssymb 2013/01/14 v3.01 AMS font symbols

(/usr/share/texlive/texmf-dist/tex/latex/amsfonts/amsfonts.sty
Package: amsfonts 2013/01/14 v3.01 Basic AMSFonts support
\@emptytoks=\toks15
\symAMSa=\mathgroup4
\symAMSb=\mathgroup5
LaTeX Font Info:    Overwriting math alphabet `\mathfrak' in version `bold'
(Font)                  U/euf/m/n --> U/euf/b/n on input line 106.
))
(/usr/share/texlive/texmf-dist/tex/latex/amsmath/amsmath.sty
Package: amsmath 2018/12/01 v2.17b AMS math features
\@mathmargin=\skip58

For additional information on amsmath, use the `?' option.
(/usr/share/texlive/texmf-dist/tex/latex/amsmath/amstext.sty
Package: amstext 2000/06/29 v2.01 AMS text

(/usr/share/texlive/texmf-dist/tex/latex/amsmath/amsgen.sty
File: amsgen.sty 1999/11/30 v2.0 generic functions
\@emptytoks=\toks16
\ex@=\dimen103
))
(/usr/share/texlive/texmf-dist/tex/latex/amsmath/amsbsy.sty
Package: amsbsy 1999/11/29 v1.2d Bold Symbols
\pmbraise@=\dimen104
)
(/usr/share/texlive/texmf-dist/tex/latex/amsmath/amsopn.sty
Package: amsopn 2016/03/08 v2.02 operator names
)
\inf@bad=\count90
LaTeX Info: Redefining \frac on input line 223.
\uproot@=\count91
\leftroot@=\count92
LaTeX Info: Redefining \overline on input line 385.
\classnum@=\count93
\DOTSCASE@=\count94
LaTeX Info: Redefining \ldots on input line 482.
LaTeX Info: Redefining \dots on input line 485.
LaTeX Info: Redefining \cdots on input line 606.
\Mathstrutbox@=\box29
\strutbox@=\box30
\big@size=\dimen105
LaTeX Font Info:    Redeclaring font encoding OML on input line 729.
LaTeX Font Info:    Redeclaring font encoding OMS on input line 730.
\macc@depth=\count95
\c@MaxMatrixCols=\count96
\dotsspace@=\muskip10
\c@parentequation=\count97
\dspbrk@lvl=\count98
\tag@help=\toks17
\row@=\count99
\column@=\count100
\maxfields@=\count101
\andhelp@=\toks18
\eqnshift@=\dimen106
\alignsep@=\dimen107
\tagshift@=\dimen108
\tagwidth@=\dimen109
\totwidth@=\dimen110
\lineht@=\dimen111
\@envbody=\toks19
\multlinegap=\skip59
\multlinetaggap=\skip60
\mathdisplay@stack=\toks20
LaTeX Info: Redefining \[ on input line 2844.
LaTeX Info: Redefining \] on input line 2845.
)
(/usr/share/texlive/texmf-dist/tex/generic/ifxetex/ifxetex.sty
Package: ifxetex 2010/09/12 v0.6 Provides ifxetex conditional
)
(/usr/share/texlive/texmf-dist/tex/generic/oberdiek/ifluatex.sty
Package: ifluatex 2016/05/16 v1.4 Provides the ifluatex switch (HO)
Package ifluatex Info: LuaTeX not detected.
)
(/usr/share/texlive/texmf-dist/tex/latex/base/fixltx2e.sty
Package: fixltx2e 2016/12/29 v2.1a fixes to LaTeX (obsolete)
Applying: [2015/01/01] Old fixltx2e package on input line 46.


Package fixltx2e Warning: fixltx2e is not required with releases after 2015
(fixltx2e)                All fixes are now in the LaTeX kernel.
(fixltx2e)                See the latexrelease package for details.

Already applied: [0000/00/00] Old fixltx2e package on input line 53.
) (/usr/share/texlive/texmf-dist/tex/latex/base/fontenc.sty
Package: fontenc 2018/08/11 v2.0j Standard LaTeX package

(/usr/share/texlive/texmf-dist/tex/latex/base/t1enc.def
File: t1enc.def 2018/08/11 v2.0j Standard LaTeX file
LaTeX Font Info:    Redeclaring font encoding T1 on input line 48.
))
(/usr/share/texlive/texmf-dist/tex/latex/base/inputenc.sty
Package: inputenc 2018/08/11 v1.3c Input encoding file
\inpenc@prehook=\toks21
\inpenc@posthook=\toks22
)
(/usr/share/texlive/texmf-dist/tex/latex/base/textcomp.sty
Package: textcomp 2018/08/11 v2.0j Standard LaTeX package
Package textcomp Info: Sub-encoding information:
(textcomp)               5 = only ISO-Adobe without \textcurrency
(textcomp)               4 = 5 + \texteuro
(textcomp)               3 = 4 + \textohm
(textcomp)               2 = 3 + \textestimated + \textcurrency
(textcomp)               1 = TS1 - \textcircled - \t
(textcomp)               0 = TS1 (full)
(textcomp)             Font families with sub-encoding setting implement
(textcomp)             only a restricted character set as indicated.
(textcomp)             Family '?' is the default used for unknown fonts.
(textcomp)             See the documentation for details.
Package textcomp Info: Setting ? sub-encoding to TS1/1 on input line 79.

(/usr/share/texlive/texmf-dist/tex/latex/base/ts1enc.def
File: ts1enc.def 2001/06/05 v3.0e (jk/car/fm) Standard LaTeX file
Now handling font encoding TS1 ...
... processing UTF-8 mapping file for font encoding TS1

(/usr/share/texlive/texmf-dist/tex/latex/base/ts1enc.dfu
File: ts1enc.dfu 2018/10/05 v1.2f UTF-8 support for inputenc
   defining Unicode char U+00A2 (decimal 162)
   defining Unicode char U+00A3 (decimal 163)
   defining Unicode char U+00A4 (decimal 164)
   defining Unicode char U+00A5 (decimal 165)
   defining Unicode char U+00A6 (decimal 166)
   defining Unicode char U+00A7 (decimal 167)
   defining Unicode char U+00A8 (decimal 168)
   defining Unicode char U+00A9 (decimal 169)
   defining Unicode char U+00AA (decimal 170)
   defining Unicode char U+00AC (decimal 172)
   defining Unicode char U+00AE (decimal 174)
   defining Unicode char U+00AF (decimal 175)
   defining Unicode char U+00B0 (decimal 176)
   defining Unicode char U+00B1 (decimal 177)
   defining Unicode char U+00B2 (decimal 178)
   defining Unicode char U+00B3 (decimal 179)
   defining Unicode char U+00B4 (decimal 180)
   defining Unicode char U+00B5 (decimal 181)
   defining Unicode char U+00B6 (decimal 182)
   defining Unicode char U+00B7 (decimal 183)
   defining Unicode char U+00B9 (decimal 185)
   defining Unicode char U+00BA (decimal 186)
   defining Unicode char U+00BC (decimal 188)
   defining Unicode char U+00BD (decimal 189)
   defining Unicode char U+00BE (decimal 190)
   defining Unicode char U+00D7 (decimal 215)
   defining Unicode char U+00F7 (decimal 247)
   defining Unicode char U+0192 (decimal 402)
   defining Unicode char U+02C7 (decimal 711)
   defining Unicode char U+02D8 (decimal 728)
   defining Unicode char U+02DD (decimal 733)
   defining Unicode char U+0E3F (decimal 3647)
   defining Unicode char U+2016 (decimal 8214)
   defining Unicode char U+2020 (decimal 8224)
   defining Unicode char U+2021 (decimal 8225)
   defining Unicode char U+2022 (decimal 8226)
   defining Unicode char U+2030 (decimal 8240)
   defining Unicode char U+2031 (decimal 8241)
   defining Unicode char U+203B (decimal 8251)
   defining Unicode char U+203D (decimal 8253)
   defining Unicode char U+2044 (decimal 8260)
   defining Unicode char U+204E (decimal 8270)
   defining Unicode char U+2052 (decimal 8274)
   defining Unicode char U+20A1 (decimal 8353)
   defining Unicode char U+20A4 (decimal 8356)
   defining Unicode char U+20A6 (decimal 8358)
   defining Unicode char U+20A9 (decimal 8361)
   defining Unicode char U+20AB (decimal 8363)
   defining Unicode char U+20AC (decimal 8364)
   defining Unicode char U+20B1 (decimal 8369)
   defining Unicode char U+2103 (decimal 8451)
   defining Unicode char U+2116 (decimal 8470)
   defining Unicode char U+2117 (decimal 8471)
   defining Unicode char U+211E (decimal 8478)
   defining Unicode char U+2120 (decimal 8480)
   defining Unicode char U+2122 (decimal 8482)
   defining Unicode char U+2126 (decimal 8486)
   defining Unicode char U+2127 (decimal 8487)
   defining Unicode char U+212E (decimal 8494)
   defining Unicode char U+2190 (decimal 8592)
   defining Unicode char U+2191 (decimal 8593)
   defining Unicode char U+2192 (decimal 8594)
   defining Unicode char U+2193 (decimal 8595)
   defining Unicode char U+2329 (decimal 9001)
   defining Unicode char U+232A (decimal 9002)
   defining Unicode char U+2422 (decimal 9250)
   defining Unicode char U+25E6 (decimal 9702)
   defining Unicode char U+25EF (decimal 9711)
   defining Unicode char U+266A (decimal 9834)
   defining Unicode char U+FEFF (decimal 65279)
))
LaTeX Info: Redefining \oldstylenums on input line 334.
Package textcomp Info: Setting cmr sub-encoding to TS1/0 on input line 349.
Package textcomp Info: Setting cmss sub-encoding to TS1/0 on input line 350.
Package textcomp Info: Setting cmtt sub-encoding to TS1/0 on input line 351.
Package textcomp Info: Setting cmvtt sub-encoding to TS1/0 on input line 352.
Package textcomp Info: Setting cmbr sub-encoding to TS1/0 on input line 353.
Package textcomp Info: Setting cmtl sub-encoding to TS1/0 on input line 354.
Package textcomp Info: Setting ccr sub-encoding to TS1/0 on input line 355.
Package textcomp Info: Setting ptm sub-encoding to TS1/4 on input line 356.
Package textcomp Info: Setting pcr sub-encoding to TS1/4 on input line 357.
Package textcomp Info: Setting phv sub-encoding to TS1/4 on input line 358.
Package textcomp Info: Setting ppl sub-encoding to TS1/3 on input line 359.
Package textcomp Info: Setting pag sub-encoding to TS1/4 on input line 360.
Package textcomp Info: Setting pbk sub-encoding to TS1/4 on input line 361.
Package textcomp Info: Setting pnc sub-encoding to TS1/4 on input line 362.
Package textcomp Info: Setting pzc sub-encoding to TS1/4 on input line 363.
Package textcomp Info: Setting bch sub-encoding to TS1/4 on input line 364.
Package textcomp Info: Setting put sub-encoding to TS1/5 on input line 365.
Package textcomp Info: Setting uag sub-encoding to TS1/5 on input line 366.
Package textcomp Info: Setting ugq sub-encoding to TS1/5 on input line 367.
Package textcomp Info: Setting ul8 sub-encoding to TS1/4 on input line 368.
Package textcomp Info: Setting ul9 sub-encoding to TS1/4 on input line 369.
Package textcomp Info: Setting augie sub-encoding to TS1/5 on input line 370.
Package textcomp Info: Setting dayrom sub-encoding to TS1/3 on input line 371.
Package textcomp Info: Setting dayroms sub-encoding to TS1/3 on input line 372.

Package textcomp Info: Setting pxr sub-encoding to TS1/0 on input line 373.
Package textcomp Info: Setting pxss sub-encoding to TS1/0 on input line 374.
Package textcomp Info: Setting pxtt sub-encoding to TS1/0 on input line 375.
Package textcomp Info: Setting txr sub-encoding to TS1/0 on input line 376.
Package textcomp Info: Setting txss sub-encoding to TS1/0 on input line 377.
Package textcomp Info: Setting txtt sub-encoding to TS1/0 on input line 378.
Package textcomp Info: Setting lmr sub-encoding to TS1/0 on input line 379.
Package textcomp Info: Setting lmdh sub-encoding to TS1/0 on input line 380.
Package textcomp Info: Setting lmss sub-encoding to TS1/0 on input line 381.
Package textcomp Info: Setting lmssq sub-encoding to TS1/0 on input line 382.
Package textcomp Info: Setting lmvtt sub-encoding to TS1/0 on input line 383.
Package textcomp Info: Setting lmtt sub-encoding to TS1/0 on input line 384.
Package textcomp Info: Setting qhv sub-encoding to TS1/0 on input line 385.
Package textcomp Info: Setting qag sub-encoding to TS1/0 on input line 386.
Package textcomp Info: Setting qbk sub-encoding to TS1/0 on input line 387.
Package textcomp Info: Setting qcr sub-encoding to TS1/0 on input line 388.
Package textcomp Info: Setting qcs sub-encoding to TS1/0 on input line 389.
Package textcomp Info: Setting qpl sub-encoding to TS1/0 on input line 390.
Package textcomp Info: Setting qtm sub-encoding to TS1/0 on input line 391.
Package textcomp Info: Setting qzc sub-encoding to TS1/0 on input line 392.
Package textcomp Info: Setting qhvc sub-encoding to TS1/0 on input line 393.
Package textcomp Info: Setting futs sub-encoding to TS1/4 on input line 394.
Package textcomp Info: Setting futx sub-encoding to TS1/4 on input line 395.
Package textcomp Info: Setting futj sub-encoding to TS1/4 on input line 396.
Package textcomp Info: Setting hlh sub-encoding to TS1/3 on input line 397.
Package textcomp Info: Setting hls sub-encoding to TS1/3 on input line 398.
Package textcomp Info: Setting hlst sub-encoding to TS1/3 on input line 399.
Package textcomp Info: Setting hlct sub-encoding to TS1/5 on input line 400.
Package textcomp Info: Setting hlx sub-encoding to TS1/5 on input line 401.
Package textcomp Info: Setting hlce sub-encoding to TS1/5 on input line 402.
Package textcomp Info: Setting hlcn sub-encoding to TS1/5 on input line 403.
Package textcomp Info: Setting hlcw sub-encoding to TS1/5 on input line 404.
Package textcomp Info: Setting hlcf sub-encoding to TS1/5 on input line 405.
Package textcomp Info: Setting pplx sub-encoding to TS1/3 on input line 406.
Package textcomp Info: Setting pplj sub-encoding to TS1/3 on input line 407.
Package textcomp Info: Setting ptmx sub-encoding to TS1/4 on input line 408.
Package textcomp Info: Setting ptmj sub-encoding to TS1/4 on input line 409.
)
(/usr/share/texlive/texmf-dist/tex/latex/upquote/upquote.sty
Package: upquote 2012/04/19 v1.3 upright-quote and grave-accent glyphs in verba
tim
)
(/usr/share/texlive/texmf-dist/tex/latex/microtype/microtype.sty
Package: microtype 2019/02/28 v2.7b Micro-typographical refinements (RS)
\MT@toks=\toks23
\MT@count=\count102
LaTeX Info: Redefining \textls on input line 790.
\MT@outer@kern=\dimen112
LaTeX Info: Redefining \textmicrotypecontext on input line 1336.
\MT@listname@count=\count103

(/usr/share/texlive/texmf-dist/tex/latex/microtype/microtype-pdftex.def
File: microtype-pdftex.def 2019/02/28 v2.7b Definitions specific to pdftex (RS)

LaTeX Info: Redefining \lsstyle on input line 914.
LaTeX Info: Redefining \lslig on input line 914.
\MT@outer@space=\skip61
)
Package microtype Info: Loading configuration file microtype.cfg.

(/usr/share/texlive/texmf-dist/tex/latex/microtype/microtype.cfg
File: microtype.cfg 2019/02/28 v2.7b microtype main configuration file (RS)
))

Class scrreprt Warning: Usage of package `parskip' together
(scrreprt)              with a KOMA-Script class is not recommended.
(scrreprt)              I'd suggest to use option
(scrreprt)              `parskip' with one of it's several values.
(scrreprt)              Nevertheless, using requested
(scrreprt)              package `parskip' on input line 33.

(/usr/share/texlive/texmf-dist/tex/latex/parskip/parskip.sty
Package: parskip 2019-01-16 v2.0c non-zero parskip adjustments

(/usr/share/texlive/texmf-dist/tex/latex/oberdiek/kvoptions.sty
Package: kvoptions 2016/05/16 v3.12 Key value format for package options (HO)

(/usr/share/texlive/texmf-dist/tex/generic/oberdiek/ltxcmds.sty
Package: ltxcmds 2016/05/16 v1.23 LaTeX kernel commands for general use (HO)
)
(/usr/share/texlive/texmf-dist/tex/generic/oberdiek/kvsetkeys.sty
Package: kvsetkeys 2016/05/16 v1.17 Key value parser (HO)

(/usr/share/texlive/texmf-dist/tex/generic/oberdiek/infwarerr.sty
Package: infwarerr 2016/05/16 v1.4 Providing info/warning/error messages (HO)
)
(/usr/share/texlive/texmf-dist/tex/generic/oberdiek/etexcmds.sty
Package: etexcmds 2016/05/16 v1.6 Avoid name clashes with e-TeX commands (HO)
)))
(/usr/share/texlive/texmf-dist/tex/latex/etoolbox/etoolbox.sty
Package: etoolbox 2018/08/19 v2.5f e-TeX tools for LaTeX (JAW)
\etb@tempcnta=\count104
)
Couldn't patch \@startsection
) (/usr/share/texlive/texmf-dist/tex/latex/xcolor/xcolor.sty
Package: xcolor 2016/05/11 v2.12 LaTeX color extensions (UK)

(/usr/share/texlive/texmf-dist/tex/latex/graphics-cfg/color.cfg
File: color.cfg 2016/01/02 v1.6 sample color configuration
)
Package xcolor Info: Driver file: pdftex.def on input line 225.

(/usr/share/texlive/texmf-dist/tex/latex/graphics-def/pdftex.def
File: pdftex.def 2018/01/08 v1.0l Graphics/color driver for pdftex
)
Package xcolor Info: Model `cmy' substituted by `cmy0' on input line 1348.
Package xcolor Info: Model `hsb' substituted by `rgb' on input line 1352.
Package xcolor Info: Model `RGB' extended on input line 1364.
Package xcolor Info: Model `HTML' substituted by `rgb' on input line 1366.
Package xcolor Info: Model `Hsb' substituted by `hsb' on input line 1367.
Package xcolor Info: Model `tHsb' substituted by `hsb' on input line 1368.
Package xcolor Info: Model `HSB' substituted by `hsb' on input line 1369.
Package xcolor Info: Model `Gray' substituted by `gray' on input line 1370.
Package xcolor Info: Model `wave' substituted by `hsb' on input line 1371.

(/usr/share/texlive/texmf-dist/tex/latex/graphics/dvipsnam.def
File: dvipsnam.def 2016/06/17 v3.0m Driver-dependent file (DPC,SPQR)
)
(/usr/share/texlive/texmf-dist/tex/latex/xcolor/svgnam.def
File: svgnam.def 2016/05/11 v2.12 Predefined colors according to SVG 1.1 (UK)
)
(/usr/share/texlive/texmf-dist/tex/latex/xcolor/x11nam.def
File: x11nam.def 2016/05/11 v2.12 Predefined colors according to Unix/X11 (UK)
))
(/usr/share/texlive/texmf-dist/tex/latex/hyperref/hyperref.sty
Package: hyperref 2018/11/30 v6.88e Hypertext links for LaTeX

(/usr/share/texlive/texmf-dist/tex/generic/oberdiek/hobsub-hyperref.sty
Package: hobsub-hyperref 2016/05/16 v1.14 Bundle oberdiek, subset hyperref (HO)


(/usr/share/texlive/texmf-dist/tex/generic/oberdiek/hobsub-generic.sty
Package: hobsub-generic 2016/05/16 v1.14 Bundle oberdiek, subset generic (HO)
Package: hobsub 2016/05/16 v1.14 Construct package bundles (HO)
Package hobsub Info: Skipping package `infwarerr' (already loaded).
Package hobsub Info: Skipping package `ltxcmds' (already loaded).
Package hobsub Info: Skipping package `ifluatex' (already loaded).
Package: ifvtex 2016/05/16 v1.6 Detect VTeX and its facilities (HO)
Package ifvtex Info: VTeX not detected.
Package: intcalc 2016/05/16 v1.2 Expandable calculations with integers (HO)
Package: ifpdf 2018/09/07 v3.3 Provides the ifpdf switch
Package hobsub Info: Skipping package `etexcmds' (already loaded).
Package hobsub Info: Skipping package `kvsetkeys' (already loaded).
Package: kvdefinekeys 2016/05/16 v1.4 Define keys (HO)
Package: pdftexcmds 2018/09/10 v0.29 Utility functions of pdfTeX for LuaTeX (HO
)
Package pdftexcmds Info: LuaTeX not detected.
Package pdftexcmds Info: \pdf@primitive is available.
Package pdftexcmds Info: \pdf@ifprimitive is available.
Package pdftexcmds Info: \pdfdraftmode found.
Package: pdfescape 2016/05/16 v1.14 Implements pdfTeX's escape features (HO)
Package: bigintcalc 2016/05/16 v1.4 Expandable calculations on big integers (HO
)
Package: bitset 2016/05/16 v1.2 Handle bit-vector datatype (HO)
Package: uniquecounter 2016/05/16 v1.3 Provide unlimited unique counter (HO)
)
Package hobsub Info: Skipping package `hobsub' (already loaded).
Package: letltxmacro 2016/05/16 v1.5 Let assignment for LaTeX macros (HO)
Package: hopatch 2016/05/16 v1.3 Wrapper for package hooks (HO)
Package: xcolor-patch 2016/05/16 xcolor patch
Package: atveryend 2016/05/16 v1.9 Hooks at the very end of document (HO)
Package: atbegshi 2016/06/09 v1.18 At begin shipout hook (HO)
Package: refcount 2016/05/16 v3.5 Data extraction from label references (HO)
Package: hycolor 2016/05/16 v1.8 Color options for hyperref/bookmark (HO)
)
(/usr/share/texlive/texmf-dist/tex/latex/oberdiek/auxhook.sty
Package: auxhook 2016/05/16 v1.4 Hooks for auxiliary files (HO)
)
\@linkdim=\dimen113
\Hy@linkcounter=\count105
\Hy@pagecounter=\count106

(/usr/share/texlive/texmf-dist/tex/latex/hyperref/pd1enc.def
File: pd1enc.def 2018/11/30 v6.88e Hyperref: PDFDocEncoding definition (HO)
Now handling font encoding PD1 ...
... no UTF-8 mapping file for font encoding PD1
)
\Hy@SavedSpaceFactor=\count107

(/usr/share/texlive/texmf-dist/tex/latex/latexconfig/hyperref.cfg
File: hyperref.cfg 2002/06/06 v1.2 hyperref configuration of TeXLive
)
Package hyperref Info: Option `unicode' set `true' on input line 4393.

(/usr/share/texlive/texmf-dist/tex/latex/hyperref/puenc.def
File: puenc.def 2018/11/30 v6.88e Hyperref: PDF Unicode definition (HO)
Now handling font encoding PU ...
... no UTF-8 mapping file for font encoding PU
)
Package hyperref Info: Hyper figures OFF on input line 4519.
Package hyperref Info: Link nesting OFF on input line 4524.
Package hyperref Info: Hyper index ON on input line 4527.
Package hyperref Info: Plain pages OFF on input line 4534.
Package hyperref Info: Backreferencing OFF on input line 4539.
Package hyperref Info: Implicit mode ON; LaTeX internals redefined.
Package hyperref Info: Bookmarks ON on input line 4772.
\c@Hy@tempcnt=\count108

(/usr/share/texlive/texmf-dist/tex/latex/url/url.sty
\Urlmuskip=\muskip11
Package: url 2013/09/16  ver 3.4  Verb mode for urls, etc.
)
LaTeX Info: Redefining \url on input line 5125.
\XeTeXLinkMargin=\dimen114
\Fld@menulength=\count109
\Field@Width=\dimen115
\Fld@charsize=\dimen116
Package hyperref Info: Hyper figures OFF on input line 6380.
Package hyperref Info: Link nesting OFF on input line 6385.
Package hyperref Info: Hyper index ON on input line 6388.
Package hyperref Info: backreferencing OFF on input line 6395.
Package hyperref Info: Link coloring OFF on input line 6400.
Package hyperref Info: Link coloring with OCG OFF on input line 6405.
Package hyperref Info: PDF/A mode OFF on input line 6410.
LaTeX Info: Redefining \ref on input line 6450.
LaTeX Info: Redefining \pageref on input line 6454.
\Hy@abspage=\count110
\c@Item=\count111
\c@Hfootnote=\count112
)
Package hyperref Info: Driver (autodetected): hpdftex.

(/usr/share/texlive/texmf-dist/tex/latex/hyperref/hpdftex.def
File: hpdftex.def 2018/11/30 v6.88e Hyperref driver for pdfTeX
\Fld@listcount=\count113
\c@bookmark@seq@number=\count114

(/usr/share/texlive/texmf-dist/tex/latex/oberdiek/rerunfilecheck.sty
Package: rerunfilecheck 2016/05/16 v1.8 Rerun checks for auxiliary files (HO)
Package uniquecounter Info: New unique counter `rerunfilecheck' on input line 2
82.
)
\Hy@SectionHShift=\skip62
)
Package hyperref Info: Option `colorlinks' set `true' on input line 42.
Package hyperref Info: Option `breaklinks' set `true' on input line 42.

(/usr/share/texlive/texmf-dist/tex/latex/tools/longtable.sty
Package: longtable 2014/10/28 v4.11 Multi-page Table package (DPC)+ FMi change
\LTleft=\skip63
\LTright=\skip64
\LTpre=\skip65
\LTpost=\skip66
\LTchunksize=\count115
\LTcapwidth=\dimen117
\LT@head=\box31
\LT@firsthead=\box32
\LT@foot=\box33
\LT@lastfoot=\box34
\LT@cols=\count116
\LT@rows=\count117
\c@LT@tables=\count118
\c@LT@chunks=\count119
\LT@p@ftn=\toks24
)
Class scrreprt Info: longtable captions redefined on input line 46.

(/usr/share/texlive/texmf-dist/tex/latex/booktabs/booktabs.sty
Package: booktabs 2016/04/27 v1.618033 publication quality tables
\heavyrulewidth=\dimen118
\lightrulewidth=\dimen119
\cmidrulewidth=\dimen120
\belowrulesep=\dimen121
\belowbottomsep=\dimen122
\aboverulesep=\dimen123
\abovetopsep=\dimen124
\cmidrulesep=\dimen125
\cmidrulekern=\dimen126
\defaultaddspace=\dimen127
\@cmidla=\count120
\@cmidlb=\count121
\@aboverulesep=\dimen128
\@belowrulesep=\dimen129
\@thisruleclass=\count122
\@lastruleclass=\count123
\@thisrulewidth=\dimen130
)
(/usr/share/texlive/texmf-dist/tex/latex/mdwtools/footnote.sty
Package: footnote 1997/01/28 1.13 Save footnotes around boxes
\fn@notes=\box35
\fn@width=\dimen131
)
(/usr/share/texlive/texmf-dist/tex/latex/graphics/graphicx.sty
Package: graphicx 2017/06/01 v1.1a Enhanced LaTeX Graphics (DPC,SPQR)

(/usr/share/texlive/texmf-dist/tex/latex/graphics/graphics.sty
Package: graphics 2017/06/25 v1.2c Standard LaTeX Graphics (DPC,SPQR)

(/usr/share/texlive/texmf-dist/tex/latex/graphics/trig.sty
Package: trig 2016/01/03 v1.10 sin cos tan (DPC)
)
(/usr/share/texlive/texmf-dist/tex/latex/graphics-cfg/graphics.cfg
File: graphics.cfg 2016/06/04 v1.11 sample graphics configuration
)
Package graphics Info: Driver file: pdftex.def on input line 99.
)
\Gin@req@height=\dimen132
\Gin@req@width=\dimen133
)
(/usr/share/texlive/texmf-dist/tex/latex/oberdiek/grffile.sty
Package: grffile 2017/06/30 v1.18 Extended file name support for graphics (HO)
Package grffile Info: Option `multidot' is set to `true'.
Package grffile Info: Option `extendedchars' is set to `false'.
Package grffile Info: Option `space' is set to `true'.
Package grffile Info: \Gin@ii of package `graphicx' fixed on input line 494.
)
(/usr/share/texlive/texmf-dist/tex/latex/tools/calc.sty
Package: calc 2017/05/25 v4.3 Infix arithmetic (KKT,FJ)
\calc@Acount=\count124
\calc@Bcount=\count125
\calc@Adimen=\dimen134
\calc@Bdimen=\dimen135
\calc@Askip=\skip67
\calc@Bskip=\skip68
LaTeX Info: Redefining \setlength on input line 80.
LaTeX Info: Redefining \addtolength on input line 81.
\calc@Ccount=\count126
\calc@Cskip=\skip69
)
(/usr/share/texlive/texmf-dist/tex/latex/tools/hhline.sty
Package: hhline 2014/10/28 v2.03 Table rule package (DPC)
)
(/usr/share/texlive/texmf-dist/tex/latex/multirow/multirow.sty
Package: multirow 2019/01/01 v2.4 Span multiple rows of a table
\multirow@colwidth=\skip70
\multirow@cntb=\count127
\multirow@dima=\skip71
\bigstrutjot=\dimen136
)
(/usr/share/texlive/texmf-dist/tex/latex/colortbl/colortbl.sty
Package: colortbl 2018/12/12 v1.0d Color table columns (DPC)

(/usr/share/texlive/texmf-dist/tex/latex/tools/array.sty
Package: array 2018/12/30 v2.4k Tabular extension package (FMi)
\col@sep=\dimen137
\ar@mcellbox=\box36
\extrarowheight=\dimen138
\NC@list=\toks25
\extratabsurround=\skip72
\backup@length=\skip73
\ar@cellbox=\box37
)
\everycr=\toks26
\minrowclearance=\skip74
)
\iconwidth=\skip75

(/usr/share/texlive/texmf-dist/tex/generic/babel/babel.sty
Package: babel 2018/11/13 3.27 The Babel package

(/usr/share/texlive/texmf-dist/tex/generic/babel/switch.def
File: switch.def 2018/11/13 3.27 Babel switching mechanism
)
(/usr/share/texlive/texmf-dist/tex/generic/babel-german/ngerman.ldf
Language: ngerman 2018/12/08 v2.11 German support for babel (post-1996 orthogra
phy)

(/usr/share/texlive/texmf-dist/tex/generic/babel-german/ngermanb.ldf
Language: ngermanb 2018/12/08 v2.11 German support for babel (post-1996 orthogr
aphy)

(/usr/share/texlive/texmf-dist/tex/generic/babel/babel.def
File: babel.def 2018/11/13 3.27 Babel common definitions
\babel@savecnt=\count128
\U@D=\dimen139

(/usr/share/texlive/texmf-dist/tex/generic/babel/txtbabel.def)
\bbl@dirlevel=\count129
)))
(/usr/share/texlive/texmf-dist/tex/generic/babel-german/ngerman.ldf
Language: ngerman 2018/12/08 v2.11 German support for babel (post-1996 orthogra
phy)

(/usr/share/texlive/texmf-dist/tex/generic/babel-german/ngermanb.ldf
Language: ngermanb 2018/12/08 v2.11 German support for babel (post-1996 orthogr
aphy)
)))
(./Graphreader.aux)
\openout1 = `Graphreader.aux'.

LaTeX Font Info:    Checking defaults for OML/cmm/m/it on input line 146.
LaTeX Font Info:    ... okay on input line 146.
LaTeX Font Info:    Checking defaults for T1/cmr/m/n on input line 146.
LaTeX Font Info:    ... okay on input line 146.
LaTeX Font Info:    Checking defaults for OT1/cmr/m/n on input line 146.
LaTeX Font Info:    ... okay on input line 146.
LaTeX Font Info:    Checking defaults for OMS/cmsy/m/n on input line 146.
LaTeX Font Info:    ... okay on input line 146.
LaTeX Font Info:    Checking defaults for OMX/cmex/m/n on input line 146.
LaTeX Font Info:    ... okay on input line 146.
LaTeX Font Info:    Checking defaults for U/cmr/m/n on input line 146.
LaTeX Font Info:    ... okay on input line 146.
LaTeX Font Info:    Checking defaults for TS1/cmr/m/n on input line 146.
LaTeX Font Info:    Try loading font information for TS1+cmr on input line 146.

 (/usr/share/texlive/texmf-dist/tex/latex/base/ts1cmr.fd
File: ts1cmr.fd 2014/09/29 v2.5h Standard LaTeX font definitions
)
LaTeX Font Info:    ... okay on input line 146.
LaTeX Font Info:    Checking defaults for PD1/pdf/m/n on input line 146.
LaTeX Font Info:    ... okay on input line 146.
LaTeX Font Info:    Checking defaults for PU/pdf/m/n on input line 146.
LaTeX Font Info:    ... okay on input line 146.
LaTeX Font Info:    Try loading font information for T1+lmr on input line 146.

(/usr/share/texmf/tex/latex/lm/t1lmr.fd
File: t1lmr.fd 2009/10/30 v1.6 Font defs for Latin Modern
)
LaTeX Info: Redefining \microtypecontext on input line 146.
Package microtype Info: Generating PDF output.
Package microtype Info: Character protrusion enabled (level 2).
Package microtype Info: Using protrusion set `basicmath'.
Package microtype Info: Automatic font expansion enabled (level 2),
(microtype)             stretch: 20, shrink: 20, step: 1, non-selected.
Package microtype Info: Using default expansion set `basictext'.
Package microtype Info: No adjustment of tracking.
Package microtype Info: No adjustment of interword spacing.
Package microtype Info: No adjustment of character kerning.

(/usr/share/texlive/texmf-dist/tex/latex/microtype/mt-cmr.cfg
File: mt-cmr.cfg 2013/05/19 v2.2 microtype config. file: Computer Modern Roman 
(RS)
)
(/usr/share/texlive/texmf-dist/tex/context/base/mkii/supp-pdf.mkii
[Loading MPS to PDF converter (version 2006.09.02).]
\scratchcounter=\count130
\scratchdimen=\dimen140
\scratchbox=\box38
\nofMPsegments=\count131
\nofMParguments=\count132
\everyMPshowfont=\toks27
\MPscratchCnt=\count133
\MPscratchDim=\dimen141
\MPnumerator=\count134
\makeMPintoPDFobject=\count135
\everyMPtoPDFconversion=\toks28
) (/usr/share/texlive/texmf-dist/tex/latex/oberdiek/epstopdf-base.sty
Package: epstopdf-base 2016/05/15 v2.6 Base part for package epstopdf

(/usr/share/texlive/texmf-dist/tex/latex/oberdiek/grfext.sty
Package: grfext 2016/05/16 v1.2 Manage graphics extensions (HO)
)
Package epstopdf-base Info: Redefining graphics rule for `.eps' on input line 4
38.
Package grfext Info: Graphics extension search list:
(grfext)             [.pdf,.png,.jpg,.mps,.jpeg,.jbig2,.jb2,.PDF,.PNG,.JPG,.JPE
G,.JBIG2,.JB2,.eps]
(grfext)             \AppendGraphicsExtensions on input line 456.

(/usr/share/texlive/texmf-dist/tex/latex/latexconfig/epstopdf-sys.cfg
File: epstopdf-sys.cfg 2010/07/13 v1.3 Configuration of (r)epstopdf for TeX Liv
e
))
\AtBeginShipoutBox=\box39
Package hyperref Info: Link coloring ON on input line 146.

(/usr/share/texlive/texmf-dist/tex/latex/hyperref/nameref.sty
Package: nameref 2016/05/21 v2.44 Cross-referencing by name of section

(/usr/share/texlive/texmf-dist/tex/generic/oberdiek/gettitlestring.sty
Package: gettitlestring 2016/05/16 v1.5 Cleanup title references (HO)
)
\c@section@level=\count136
)
LaTeX Info: Redefining \ref on input line 146.
LaTeX Info: Redefining \pageref on input line 146.
LaTeX Info: Redefining \nameref on input line 146.

(./Graphreader.out) (./Graphreader.out)
\@outlinefile=\write3
\openout3 = `Graphreader.out'.

Class scrreprt Info: loading recommended package `bookmark'.
(scrreprt)           Using `bookmark' together with `hyperref' is recommended,
(scrreprt)           because of handling of possible bookmark level gaps.
(scrreprt)           You can avoid loading `bookmark' with KOMA-Script option
(scrreprt)           `bookmarkpackage=false' before \begin{document} and
(scrreprt)           you can avoid this message with `\usepackage{bookmark}'
(scrreprt)           before \begin{document} on input line 146.

(/usr/share/texlive/texmf-dist/tex/latex/oberdiek/bookmark.sty
Package: bookmark 2016/05/17 v1.26 PDF bookmarks (HO)

(/usr/share/texlive/texmf-dist/tex/latex/oberdiek/bkm-pdftex.def
File: bkm-pdftex.def 2016/05/17 v1.26 bookmark driver for pdfTeX (HO)
Package auxhook Info: \AddLineBeginMainAux comes a little late,
(auxhook)             because the main .aux file is already opened on input lin
e 164.
\BKM@id=\count137
))
LaTeX Font Info:    Try loading font information for T1+lmss on input line 148.


(/usr/share/texmf/tex/latex/lm/t1lmss.fd
File: t1lmss.fd 2009/10/30 v1.6 Font defs for Latin Modern
)
Package microtype Info: Loading generic protrusion settings for font family
(microtype)             `lmss' (encoding: T1).
(microtype)             For optimal results, create family-specific settings.
(microtype)             See the microtype manual for details.
LaTeX Font Info:    Try loading font information for OT1+lmr on input line 148.


(/usr/share/texmf/tex/latex/lm/ot1lmr.fd
File: ot1lmr.fd 2009/10/30 v1.6 Font defs for Latin Modern
)
LaTeX Font Info:    Try loading font information for OML+lmm on input line 148.


(/usr/share/texmf/tex/latex/lm/omllmm.fd
File: omllmm.fd 2009/10/30 v1.6 Font defs for Latin Modern
)
LaTeX Font Info:    Try loading font information for OMS+lmsy on input line 148
.

(/usr/share/texmf/tex/latex/lm/omslmsy.fd
File: omslmsy.fd 2009/10/30 v1.6 Font defs for Latin Modern
)
LaTeX Font Info:    Try loading font information for OMX+lmex on input line 148
.

(/usr/share/texmf/tex/latex/lm/omxlmex.fd
File: omxlmex.fd 2009/10/30 v1.6 Font defs for Latin Modern
)
LaTeX Font Info:    External font `lmex10' loaded for size
(Font)              <14.4> on input line 148.
LaTeX Font Info:    External font `lmex10' loaded for size
(Font)              <10> on input line 148.
LaTeX Font Info:    External font `lmex10' loaded for size
(Font)              <7> on input line 148.
LaTeX Font Info:    Try loading font information for U+msa on input line 148.

(/usr/share/texlive/texmf-dist/tex/latex/amsfonts/umsa.fd
File: umsa.fd 2013/01/14 v3.01 AMS symbols A
)
(/usr/share/texlive/texmf-dist/tex/latex/microtype/mt-msa.cfg
File: mt-msa.cfg 2006/02/04 v1.1 microtype config. file: AMS symbols (a) (RS)
)
LaTeX Font Info:    Try loading font information for U+msb on input line 148.

(/usr/share/texlive/texmf-dist/tex/latex/amsfonts/umsb.fd
File: umsb.fd 2013/01/14 v3.01 AMS symbols B
)
(/usr/share/texlive/texmf-dist/tex/latex/microtype/mt-msb.cfg
File: mt-msb.cfg 2005/06/01 v1.0 microtype config. file: AMS symbols (b) (RS)
)

Class scrreprt Warning: non empty \lowertitleback ignored by \maketitle
(scrreprt)              in `twoside=false' mode on input line 148.

[1



{/var/lib/texmf/fonts/map/pdftex/updmap/pdftex.map}]
Package tocbasic Info: character protrusion at toc deactivated on input line 15
2.
 (./Graphreader.toc
LaTeX Font Info:    External font `lmex10' loaded for size
(Font)              <10.95> on input line 3.
LaTeX Font Info:    External font `lmex10' loaded for size
(Font)              <8> on input line 3.
LaTeX Font Info:    External font `lmex10' loaded for size
(Font)              <6> on input line 3.
LaTeX Font Info:    Try loading font information for T1+lmtt on input line 25.

(/usr/share/texmf/tex/latex/lm/t1lmtt.fd
File: t1lmtt.fd 2009/10/30 v1.6 Font defs for Latin Modern
) [2

])
\tf@toc=\write4
\openout4 = `Graphreader.toc'.

 [3]
chapter 1.
[4

] [5]
chapter 2.
LaTeX Font Info:    External font `lmex10' loaded for size
(Font)              <9> on input line 187.
LaTeX Font Info:    External font `lmex10' loaded for size
(Font)              <5> on input line 187.
<Bilder/Beispielgraph.png, id=140, 269.63193pt x 190.63913pt>
File: Bilder/Beispielgraph.png Graphic file (type png)
<use Bilder/Beispielgraph.png>
Package pdftex.def Info: Bilder/Beispielgraph.png  used on input line 193.
(pdftex.def)             Requested size: 269.63538pt x 190.64156pt.
[6

 <./Bilder/Beispielgraph.png>]
<Bilder/Eulersche-Bruecken.png, id=154, 1345.025pt x 316.18124pt>
File: Bilder/Eulersche-Bruecken.png Graphic file (type png)
<use Bilder/Eulersche-Bruecken.png>
Package pdftex.def Info: Bilder/Eulersche-Bruecken.png  used on input line 210.

(pdftex.def)             Requested size: 418.24641pt x 98.3191pt.
 [7 <./Bilder/Eulersche-Bruecken.png>]
<Bilder/Graph-Algorithms/02-1-2-GraphsNotGraphs.png, id=164, 1496.59125pt x 968
.61874pt>
File: Bilder/Graph-Algorithms/02-1-2-GraphsNotGraphs.png Graphic file (type png
)
<use Bilder/Graph-Algorithms/02-1-2-GraphsNotGraphs.png>
Package pdftex.def Info: Bilder/Graph-Algorithms/02-1-2-GraphsNotGraphs.png  us
ed on input line 226.
(pdftex.def)             Requested size: 418.24344pt x 270.69409pt.
<Bilder/Graph-Algorithms/16-2-1-LabeledPropertyGraph.png, id=165, 1317.92375pt 
x 738.76pt>
File: Bilder/Graph-Algorithms/16-2-1-LabeledPropertyGraph.png Graphic file (typ
e png)
<use Bilder/Graph-Algorithms/16-2-1-LabeledPropertyGraph.png>
Package pdftex.def Info: Bilder/Graph-Algorithms/16-2-1-LabeledPropertyGraph.pn
g  used on input line 239.
(pdftex.def)             Requested size: 418.2451pt x 234.4466pt.
 [8 <./Bilder/Graph-Algorithms/02-1-2-GraphsNotGraphs.png>]
<Bilder/Graph-Algorithms/17-2-2-TypesOfGraphs.png, id=176, 1342.01375pt x 635.3
7375pt>
File: Bilder/Graph-Algorithms/17-2-2-TypesOfGraphs.png Graphic file (type png)
<use Bilder/Graph-Algorithms/17-2-2-TypesOfGraphs.png>
Package pdftex.def Info: Bilder/Graph-Algorithms/17-2-2-TypesOfGraphs.png  used
 on input line 252.
(pdftex.def)             Requested size: 418.25201pt x 198.02058pt.
<Bilder/Graph-Algorithms/17-2-3-RandomSmallWorldScaleFree.png, id=177, 1347.032
5pt x 532.99126pt>
File: Bilder/Graph-Algorithms/17-2-3-RandomSmallWorldScaleFree.png Graphic file
 (type png)
<use Bilder/Graph-Algorithms/17-2-3-RandomSmallWorldScaleFree.png>
Package pdftex.def Info: Bilder/Graph-Algorithms/17-2-3-RandomSmallWorldScaleFr
ee.png  used on input line 258.
(pdftex.def)             Requested size: 418.25404pt x 165.49396pt.

Underfull \hbox (badness 1418) in paragraph at lines 258--259
\T1/lmr/m/n/10.95 (+20) dem sich kei-ne hie-ra-ri-chi-schen oder struk-tu-rel-l
en In-for-ma-tio-nen ab-le-sen las-sen.
 []

[9 <./Bilder/Graph-Algorithms/16-2-1-LabeledPropertyGraph.png>] [10 <./Bilder/G
raph-Algorithms/17-2-2-TypesOfGraphs.png> <./Bilder/Graph-Algorithms/17-2-3-Ran
domSmallWorldScaleFree.png>]
<Bilder/disconnectedGraph.png, id=191, 1003.5894pt x 1038.5199pt>
File: Bilder/disconnectedGraph.png Graphic file (type png)
<use Bilder/disconnectedGraph.png>
Package pdftex.def Info: Bilder/disconnectedGraph.png  used on input line 329.
(pdftex.def)             Requested size: 418.25821pt x 432.81592pt.
<Bilder/connectedGraph.png, id=192, 734.58333pt x 710.81668pt>
File: Bilder/connectedGraph.png Graphic file (type png)
<use Bilder/connectedGraph.png>
Package pdftex.def Info: Bilder/connectedGraph.png  used on input line 339.
(pdftex.def)             Requested size: 418.2573pt x 404.72502pt.
<Bilder/unWeightedGraph.png, id=193, 188.19302pt x 263.1307pt>
File: Bilder/unWeightedGraph.png Graphic file (type png)
<use Bilder/unWeightedGraph.png>
Package pdftex.def Info: Bilder/unWeightedGraph.png  used on input line 352.
(pdftex.def)             Requested size: 188.19542pt x 263.13406pt.
 [11] [12 <./Bilder/disconnectedGraph.png>]
[13 <./Bilder/connectedGraph.png>]
<Bilder/weightedGraph.png, id=213, 188.19302pt x 263.1307pt>
File: Bilder/weightedGraph.png Graphic file (type png)
<use Bilder/weightedGraph.png>
Package pdftex.def Info: Bilder/weightedGraph.png  used on input line 360.
(pdftex.def)             Requested size: 188.19542pt x 263.13406pt.
<Bilder/Graph-Algorithms/21-2-7-UnDirected.png, id=214, 1331.97626pt x 745.7862
5pt>
File: Bilder/Graph-Algorithms/21-2-7-UnDirected.png Graphic file (type png)
<use Bilder/Graph-Algorithms/21-2-7-UnDirected.png>
Package pdftex.def Info: Bilder/Graph-Algorithms/21-2-7-UnDirected.png  used on
 input line 373.
(pdftex.def)             Requested size: 418.25366pt x 234.18422pt.
 [14 <./Bilder/unWeightedGraph.png>] [15 <./Bilder/weightedGraph.png> <./Bilder
/Graph-Algorithms/21-2-7-UnDirected.png>]
<Bilder/NomenEtGensBeispiel1.png, id=229, 365.7153pt x 190.6182pt>
File: Bilder/NomenEtGensBeispiel1.png Graphic file (type png)
<use Bilder/NomenEtGensBeispiel1.png>
Package pdftex.def Info: Bilder/NomenEtGensBeispiel1.png  used on input line 38
3.
(pdftex.def)             Requested size: 365.72556pt x 190.62354pt.

Underfull \hbox (badness 10000) in paragraph at lines 392--393
\T1/lmr/m/n/10.95 (+20) week -[] in -[] neo4j -[] getting -[] started -[] with 
-[] neo4j -[] desktop -[] and -[] browser -[] graphileon -[] personal -[]
 []


Underfull \hbox (badness 1275) in paragraph at lines 392--393
\T1/lmr/m/n/10.95 (+20) edition -[] intuitive -[] detections -[] research -[] w
ith -[] neo4j / ?ref = twitter # features -[] 1$[][] fin-den sich
 []

[16 <./Bilder/NomenEtGensBeispiel1.png>] [17]
chapter 3.
<Bilder/Beispielurkunde.jpg, id=253, 542.025pt x 352.31625pt>
File: Bilder/Beispielurkunde.jpg Graphic file (type jpg)
<use Bilder/Beispielurkunde.jpg>
Package pdftex.def Info: Bilder/Beispielurkunde.jpg  used on input line 409.
(pdftex.def)             Requested size: 418.2703pt x 271.87569pt.
[18

 <./Bilder/Beispielurkunde.jpg>]
<Bilder/RI2Graph/ReggH4-Nr-1487.png, id=260, 705.63625pt x 568.1225pt>
File: Bilder/RI2Graph/ReggH4-Nr-1487.png Graphic file (type png)
<use Bilder/RI2Graph/ReggH4-Nr-1487.png>
Package pdftex.def Info: Bilder/RI2Graph/ReggH4-Nr-1487.png  used on input line
 419.
(pdftex.def)             Requested size: 418.25986pt x 336.74976pt.
 [19 <./Bilder/RI2Graph/ReggH4-Nr-1487.png>]
<Bilder/2012-Nutzungsformen_der_RI.png, id=269, 763.85374pt x 705.63625pt>
File: Bilder/2012-Nutzungsformen_der_RI.png Graphic file (type png)
<use Bilder/2012-Nutzungsformen_der_RI.png>
Package pdftex.def Info: Bilder/2012-Nutzungsformen_der_RI.png  used on input l
ine 437.
(pdftex.def)             Requested size: 418.25598pt x 386.37839pt.
[20] [21 <./Bilder/2012-Nutzungsformen_der_RI.png>]
<Bilder/Register-und-Regest-19-189.png, id=284, 1438.37375pt x 868.24374pt>
File: Bilder/Register-und-Regest-19-189.png Graphic file (type png)
<use Bilder/Register-und-Regest-19-189.png>
Package pdftex.def Info: Bilder/Register-und-Regest-19-189.png  used on input l
ine 454.
(pdftex.def)             Requested size: 418.25899pt x 252.47314pt.
<Bilder/Gephi-Register.png, id=286, 460.72125pt x 473.77pt>
File: Bilder/Gephi-Register.png Graphic file (type png)
<use Bilder/Gephi-Register.png>
Package pdftex.def Info: Bilder/Gephi-Register.png  used on input line 462.
(pdftex.def)             Requested size: 418.2517pt x 430.09761pt.
<Bilder/Chmelvisualisierung-v2.png, id=288, 596.9502pt x 844.8363pt>
File: Bilder/Chmelvisualisierung-v2.png Graphic file (type png)
<use Bilder/Chmelvisualisierung-v2.png>
Package pdftex.def Info: Bilder/Chmelvisualisierung-v2.png  used on input line 
470.
(pdftex.def)             Requested size: 418.26308pt x 591.9486pt.


LaTeX Warning: Float too large for page by 34.34833pt on input line 472.

[22 <./Bilder/Register-und-Regest-19-189.png>] [23 <./Bilder/Gephi-Register.png
>]
<Bilder/1zu1-Beziehungen-Register-Regest.png, id=305, 700.6175pt x 582.175pt>
File: Bilder/1zu1-Beziehungen-Register-Regest.png Graphic file (type png)
<use Bilder/1zu1-Beziehungen-Register-Regest.png>
Package pdftex.def Info: Bilder/1zu1-Beziehungen-Register-Regest.png  used on i
nput line 480.
(pdftex.def)             Requested size: 418.2677pt x 347.5577pt.
<Bilder/1zu1-Beziehungen-nur-Regest.png, id=306, 361.35pt x 357.335pt>
File: Bilder/1zu1-Beziehungen-nur-Regest.png Graphic file (type png)
<use Bilder/1zu1-Beziehungen-nur-Regest.png>
Package pdftex.def Info: Bilder/1zu1-Beziehungen-nur-Regest.png  used on input 
line 488.
(pdftex.def)             Requested size: 361.34912pt x 357.33412pt.
 [24] [25 <./Bilder/Chmelvisualisierung-v2.png>] [26 <./Bilder/1zu1-Beziehungen
-Register-Regest.png>] [27 <./Bilder/1zu1-Beziehungen-nur-Regest.png>]
[28]
chapter 4.
<Bilder/RI2Graph/ReggH4-Regestentabelle.png, id=342, 883.3pt x 609.27625pt>
File: Bilder/RI2Graph/ReggH4-Regestentabelle.png Graphic file (type png)
<use Bilder/RI2Graph/ReggH4-Regestentabelle.png>
Package pdftex.def Info: Bilder/RI2Graph/ReggH4-Regestentabelle.png  used on in
put line 507.
(pdftex.def)             Requested size: 418.251pt x 288.49814pt.
LaTeX Font Info:    Font shape `T1/lmtt/bx/n' in size <12> not available
(Font)              Font shape `T1/lmtt/b/n' tried instead on input line 514.
[29

] [30 <./Bilder/RI2Graph/ReggH4-Regestentabelle.png>]
<Bilder/RI2Graph/google-docs-freigeben.png, id=359, 749.80125pt x 645.91313pt>
File: Bilder/RI2Graph/google-docs-freigeben.png Graphic file (type png)
<use Bilder/RI2Graph/google-docs-freigeben.png>
Package pdftex.def Info: Bilder/RI2Graph/google-docs-freigeben.png  used on inp
ut line 525.
(pdftex.def)             Requested size: 418.26122pt x 360.30936pt.
 [31 <./Bilder/RI2Graph/google-docs-freigeben.png>]
<Bilder/RI2Graph/google-docs-herunterladen-csv.png, id=367, 536.75531pt x 651.9
3562pt>
File: Bilder/RI2Graph/google-docs-herunterladen-csv.png Graphic file (type png)

<use Bilder/RI2Graph/google-docs-herunterladen-csv.png>
Package pdftex.def Info: Bilder/RI2Graph/google-docs-herunterladen-csv.png  use
d on input line 533.
(pdftex.def)             Requested size: 418.25793pt x 508.01035pt.
<Bilder/RI2Graph/google-docs-link-kopieren.png, id=368, 651.18282pt x 344.03531
pt>
File: Bilder/RI2Graph/google-docs-link-kopieren.png Graphic file (type png)
<use Bilder/RI2Graph/google-docs-link-kopieren.png>
Package pdftex.def Info: Bilder/RI2Graph/google-docs-link-kopieren.png  used on
 input line 541.
(pdftex.def)             Requested size: 418.26588pt x 220.97977pt.
File: Bilder/RI2Graph/ReggH4-Nr-1487.png Graphic file (type png)
<use Bilder/RI2Graph/ReggH4-Nr-1487.png>
Package pdftex.def Info: Bilder/RI2Graph/ReggH4-Nr-1487.png  used on input line
 552.
(pdftex.def)             Requested size: 418.25986pt x 336.74976pt.
<Bilder/RI2Graph/ReggH4-Nr-1487imGraph.png, id=369, 818.05624pt x 590.205pt>
File: Bilder/RI2Graph/ReggH4-Nr-1487imGraph.png Graphic file (type png)
<use Bilder/RI2Graph/ReggH4-Nr-1487imGraph.png>
Package pdftex.def Info: Bilder/RI2Graph/ReggH4-Nr-1487imGraph.png  used on inp
ut line 558.
(pdftex.def)             Requested size: 418.26418pt x 301.76605pt.
 [32] [33 <./Bilder/RI2Graph/google-docs-herunterladen-csv.png>]
Overfull \hbox (737.23988pt too wide) in paragraph at lines 610--610
[]\T1/lmtt/m/n/10.95 LOAD CSV WITH HEADERS FROM "https://docs.google.com/spread
sheets/d/1GLQIH9LA5btZc-VCRd-8f9BjiylDvwu29FwMwksBbrE/export?format=csv&id=1GLQ
IH9LA5btZc-VCRd-8f9BjiylDvwu29FwMwksBbrE&gid=2138530170" AS line[] 
 []

[34 <./Bilder/RI2Graph/google-docs-link-kopieren.png>] [35] [36 <./Bilder/RI2Gr
aph/ReggH4-Nr-1487imGraph.png>] [37] [38]
Overfull \hbox (30.14566pt too wide) in paragraph at lines 709--709
[]\T1/lmtt/m/n/10.95 // Regesten und Ausstellungsorte mit Koordinaten der Ausst
ellungsorte versehen[] 
 []

[39]
Overfull \hbox (685.50128pt too wide) in paragraph at lines 742--742
[]\T1/lmtt/m/n/10.95 LOAD CSV WITH HEADERS FROM "https://docs.google.com/spread
sheets/d/1nlbZmQYcT1E3Z58yPmcnulcNQc1e3111Di-4huhV-FY/export?format=csv&id=1nlb
ZmQYcT1E3Z58yPmcnulcNQc1e3111Di-4huhV-FY&gid=267441060"[] 
 []

LaTeX Font Info:    Try loading font information for TS1+lmtt on input line 742
.
(/usr/share/texmf/tex/latex/lm/ts1lmtt.fd
File: ts1lmtt.fd 2009/10/30 v1.6 Font defs for Latin Modern
)
<Bilder/RI2Graph/ReggH4-Action.png, id=419, 700.6175pt x 699.61375pt>
File: Bilder/RI2Graph/ReggH4-Action.png Graphic file (type png)
<use Bilder/RI2Graph/ReggH4-Action.png>
Package pdftex.def Info: Bilder/RI2Graph/ReggH4-Action.png  used on input line 
748.
(pdftex.def)             Requested size: 418.2677pt x 417.66847pt.
 [40] [41 <./Bilder/RI2Graph/ReggH4-Action.png>]
<Bilder/RI2Graph/XML-Register.png, id=436, 969.6225pt x 552.0625pt>
File: Bilder/RI2Graph/XML-Register.png Graphic file (type png)
<use Bilder/RI2Graph/XML-Register.png>
Package pdftex.def Info: Bilder/RI2Graph/XML-Register.png  used on input line 7
80.
(pdftex.def)             Requested size: 418.26112pt x 238.14038pt.
 [42 <./Bilder/RI2Graph/XML-Register.png>]
<Bilder/RI2Graph/RegisterH4-Tabelle-Entitaeten.png, id=445, 781.92125pt x 202.7
575pt>
File: Bilder/RI2Graph/RegisterH4-Tabelle-Entitaeten.png Graphic file (type png)

<use Bilder/RI2Graph/RegisterH4-Tabelle-Entitaeten.png>
Package pdftex.def Info: Bilder/RI2Graph/RegisterH4-Tabelle-Entitaeten.png  use
d on input line 790.
(pdftex.def)             Requested size: 418.25812pt x 108.45717pt.
<Bilder/RI2Graph/RegisterH4-GENANNT.png, id=446, 921.4425pt x 378.41376pt>
File: Bilder/RI2Graph/RegisterH4-GENANNT.png Graphic file (type png)
<use Bilder/RI2Graph/RegisterH4-GENANNT.png>
Package pdftex.def Info: Bilder/RI2Graph/RegisterH4-GENANNT.png  used on input 
line 798.
(pdftex.def)             Requested size: 418.24467pt x 171.76279pt.
 [43 <./Bilder/RI2Graph/RegisterH4-Tabelle-Entitaeten.png> <./Bilder/RI2Graph/R
egisterH4-GENANNT.png>]
Overfull \hbox (691.25002pt too wide) in paragraph at lines 814--814
[]\T1/lmtt/m/n/10.95 LOAD CSV WITH HEADERS FROM "https://docs.google.com/spread
sheets/d/12T-RD1Ct4aAUNNNxipjMmHe9F1NmryI1gf8_SJ4RCEE/export?format=csv&id=12T-
RD1Ct4aAUNNNxipjMmHe9F1NmryI1gf8_SJ4RCEE&gid=1167029283"[] 
 []


Overfull \hbox (691.25002pt too wide) in paragraph at lines 823--823
[]\T1/lmtt/m/n/10.95 LOAD CSV WITH HEADERS FROM "https://docs.google.com/spread
sheets/d/12T-RD1Ct4aAUNNNxipjMmHe9F1NmryI1gf8_SJ4RCEE/export?format=csv&id=12T-
RD1Ct4aAUNNNxipjMmHe9F1NmryI1gf8_SJ4RCEE&gid=2049106817"[] 
 []


Overfull \hbox (691.25002pt too wide) in paragraph at lines 835--835
[]\T1/lmtt/m/n/10.95 LOAD CSV WITH HEADERS FROM "https://docs.google.com/spread
sheets/d/12T-RD1Ct4aAUNNNxipjMmHe9F1NmryI1gf8_SJ4RCEE/export?format=csv&id=12T-
RD1Ct4aAUNNNxipjMmHe9F1NmryI1gf8_SJ4RCEE&gid=2147130316"[] 
 []

[44]
Overfull \hbox (691.25002pt too wide) in paragraph at lines 847--847
[]\T1/lmtt/m/n/10.95 LOAD CSV WITH HEADERS FROM "https://docs.google.com/spread
sheets/d/12T-RD1Ct4aAUNNNxipjMmHe9F1NmryI1gf8_SJ4RCEE/export?format=csv&id=12T-
RD1Ct4aAUNNNxipjMmHe9F1NmryI1gf8_SJ4RCEE&gid=2147130316"[] 
 []

<Bilder/RI2Graph/ReggF3-Registerhierarchie.png, id=462, 449.68pt x 520.94624pt>

File: Bilder/RI2Graph/ReggF3-Registerhierarchie.png Graphic file (type png)
<use Bilder/RI2Graph/ReggF3-Registerhierarchie.png>
Package pdftex.def Info: Bilder/RI2Graph/ReggF3-Registerhierarchie.png  used on
 input line 856.
(pdftex.def)             Requested size: 418.27354pt x 484.56244pt.
<Bilder/RI2Graph/RegisterF3-Hierarchie.png, id=463, 950.55125pt x 570.13pt>
File: Bilder/RI2Graph/RegisterF3-Hierarchie.png Graphic file (type png)
<use Bilder/RI2Graph/RegisterF3-Hierarchie.png>
Package pdftex.def Info: Bilder/RI2Graph/RegisterF3-Hierarchie.png  used on inp
ut line 864.
(pdftex.def)             Requested size: 418.25835pt x 250.86667pt.
[45] [46 <./Bilder/RI2Graph/ReggF3-Registerhierarchie.png>] [47 <./Bilder/RI2Gr
aph/RegisterF3-Hierarchie.png>]
<Bilder/RI2Graph/RobertVonFlandernMitRegesten.png, id=489, 728.7225pt x 717.681
24pt>
File: Bilder/RI2Graph/RobertVonFlandernMitRegesten.png Graphic file (type png)
<use Bilder/RI2Graph/RobertVonFlandernMitRegesten.png>
Package pdftex.def Info: Bilder/RI2Graph/RobertVonFlandernMitRegesten.png  used
 on input line 906.
(pdftex.def)             Requested size: 418.25606pt x 411.91884pt.
 [48 <./Bilder/RI2Graph/RobertVonFlandernMitRegesten.png>]
<Bilder/RI2Graph/Robert-viel.png, id=496, 1801.73125pt x 2038.61626pt>
File: Bilder/RI2Graph/Robert-viel.png Graphic file (type png)
<use Bilder/RI2Graph/Robert-viel.png>
Package pdftex.def Info: Bilder/RI2Graph/Robert-viel.png  used on input line 92
6.
(pdftex.def)             Requested size: 418.23837pt x 473.22682pt.

Overfull \hbox (41.64313pt too wide) in paragraph at lines 943--943
[]\T1/lmtt/m/n/10.95 // Robert II. von Flandern und Herzog Heinrich von Niederl
othringen mit Netzwerk[] 
 []

<Bilder/RI2Graph/RobertundHeinrich.png, id=499, 420.57124pt x 88.33pt>
File: Bilder/RI2Graph/RobertundHeinrich.png Graphic file (type png)
<use Bilder/RI2Graph/RobertundHeinrich.png>
Package pdftex.def Info: Bilder/RI2Graph/RobertundHeinrich.png  used on input l
ine 947.
(pdftex.def)             Requested size: 418.25995pt x 87.84456pt.
<Bilder/RI2Graph/RobertundHeinrichMitBrokern.png, id=502, 979.66pt x 547.04375p
t>
File: Bilder/RI2Graph/RobertundHeinrichMitBrokern.png Graphic file (type png)
<use Bilder/RI2Graph/RobertundHeinrichMitBrokern.png>
Package pdftex.def Info: Bilder/RI2Graph/RobertundHeinrichMitBrokern.png  used 
on input line 974.
(pdftex.def)             Requested size: 418.25592pt x 233.55478pt.
[49] [50 <./Bilder/RI2Graph/Robert-viel.png>] [51 <./Bilder/RI2Graph/RobertundH
einrich.png> <./Bilder/RI2Graph/RobertundHeinrichMitBrokern.png>]
<Bilder/RI2Graph/RobertUndHeinrichApoc.png, id=526, 1351.0475pt x 884.30376pt>
File: Bilder/RI2Graph/RobertUndHeinrichApoc.png Graphic file (type png)
<use Bilder/RI2Graph/RobertUndHeinrichApoc.png>
Package pdftex.def Info: Bilder/RI2Graph/RobertUndHeinrichApoc.png  used on inp
ut line 995.
(pdftex.def)             Requested size: 418.24318pt x 273.75351pt.
 [52 <./Bilder/RI2Graph/RobertUndHeinrichApoc.png>]
<Bilder/RI2Graph/RobertHeinrichApocTabelle.png, id=532, 1055.945pt x 452.69125p
t>
File: Bilder/RI2Graph/RobertHeinrichApocTabelle.png Graphic file (type png)
<use Bilder/RI2Graph/RobertHeinrichApocTabelle.png>
Package pdftex.def Info: Bilder/RI2Graph/RobertHeinrichApocTabelle.png  used on
 input line 1022.
(pdftex.def)             Requested size: 418.24574pt x 179.30496pt.
 [53 <./Bilder/RI2Graph/RobertHeinrichApocTabelle.png>]
Overfull \hbox (70.3868pt too wide) in paragraph at lines 1067--1067
[]\T1/lmtt/m/n/10.95 RETURN p.normalizedGerman, n.lemma, count(h) as ANZAHL ORD
ER BY ANZAHL desc LIMIT 10;[] 
 []

[54]
Overfull \hbox (7.15073pt too wide) in paragraph at lines 1097--1097
[]\T1/lmtt/m/n/10.95 RETURN p.name1, l.lemma, count(l) AS Anzahl ORDER BY p.nam
e1, Anzahl DESC;[] 
 []

[55] [56] [57]
chapter 5.
<Bilder/NeG/020-Verwandschaften.jpg, id=576, 245.2362pt x 146.2263pt>
File: Bilder/NeG/020-Verwandschaften.jpg Graphic file (type jpg)
<use Bilder/NeG/020-Verwandschaften.jpg>
Package pdftex.def Info: Bilder/NeG/020-Verwandschaften.jpg  used on input line
 1285.
(pdftex.def)             Requested size: 245.2356pt x 146.22594pt.
[58

]
<Bilder/NeG/030-Urenkel-Pippins.jpg, id=588, 404.2302pt x 215.8464pt>
File: Bilder/NeG/030-Urenkel-Pippins.jpg Graphic file (type jpg)
<use Bilder/NeG/030-Urenkel-Pippins.jpg>
Package pdftex.def Info: Bilder/NeG/030-Urenkel-Pippins.jpg  used on input line
 1293.
(pdftex.def)             Requested size: 404.2292pt x 215.84587pt.
 [59 <./Bilder/NeG/020-Verwandschaften.jpg> <./Bilder/NeG/030-Urenkel-Pippins.j
pg>]
<Bilder/NeG/040-Berchar-DB-Eintrag.jpg, id=596, 269.3262pt x 168.63pt>
File: Bilder/NeG/040-Berchar-DB-Eintrag.jpg Graphic file (type jpg)
<use Bilder/NeG/040-Berchar-DB-Eintrag.jpg>
Package pdftex.def Info: Bilder/NeG/040-Berchar-DB-Eintrag.jpg  used on input l
ine 1304.
(pdftex.def)             Requested size: 269.32965pt x 168.63214pt.
<Bilder/NeG/050-Berchar-Karl-shortestpath.jpg, id=597, 236.3229pt x 167.6664pt>

File: Bilder/NeG/050-Berchar-Karl-shortestpath.jpg Graphic file (type jpg)
<use Bilder/NeG/050-Berchar-Karl-shortestpath.jpg>
Package pdftex.def Info: Bilder/NeG/050-Berchar-Karl-shortestpath.jpg  used on 
input line 1322.
(pdftex.def)             Requested size: 236.32951pt x 167.67108pt.
 [60 <./Bilder/NeG/040-Berchar-DB-Eintrag.jpg>] [61 <./Bilder/NeG/050-Berchar-K
arl-shortestpath.jpg>]
chapter 6.
Package atveryend Info: Empty hook `BeforeClearDocument' on input line 1338.
[62

]
Package atveryend Info: Empty hook `AfterLastShipout' on input line 1338.
 (./Graphreader.aux)
Package atveryend Info: Executing hook `AtVeryEndDocument' on input line 1338.
Package atveryend Info: Executing hook `AtEndAfterFileList' on input line 1338.

Package rerunfilecheck Info: File `Graphreader.out' has not changed.
(rerunfilecheck)             Checksum: D41D8CD98F00B204E9800998ECF8427E;0.
 ) 
Here is how much of TeX's memory you used:
 16602 strings out of 494394
 259975 string characters out of 6172448
 503593 words of memory out of 5000000
 19638 multiletter control sequences out of 15000+600000
 85422 words of font info for 150 fonts, out of 8000000 for 9000
 81 hyphenation exceptions out of 8191
 44i,8n,66p,9110b,542s stack positions out of 5000i,500n,10000p,200000b,80000s
pdfTeX warning (dest): name{ux5cux23Auswertungsperspektiven} has been referen
ced but does not exist, replaced by a fixed one

{/usr/share/texmf/fonts/enc/dvips/lm/lm-ec.enc}{/usr/share/texmf/fonts/enc/dvip
s/lm/lm-ts1.enc}</usr/share/texmf/fonts/type1/public/lm/lmbx10.pfb></usr/share/
texmf/fonts/type1/public/lm/lmr10.pfb></usr/share/texmf/fonts/type1/public/lm/l
mr12.pfb></usr/share/texmf/fonts/type1/public/lm/lmr6.pfb></usr/share/texmf/fon
ts/type1/public/lm/lmr8.pfb></usr/share/texmf/fonts/type1/public/lm/lmr9.pfb></
usr/share/texmf/fonts/type1/public/lm/lmri10.pfb></usr/share/texmf/fonts/type1/
public/lm/lmri9.pfb></usr/share/texmf/fonts/type1/public/lm/lmssbx10.pfb></usr/
share/texmf/fonts/type1/public/lm/lmtk10.pfb></usr/share/texmf/fonts/type1/publ
ic/lm/lmtt10.pfb></usr/share/texmf/fonts/type1/public/lm/lmtt9.pfb>
Output written on Graphreader.pdf (62 pages, 9812907 bytes).
PDF statistics:
 870 PDF objects out of 1000 (max. 8388607)
 728 compressed objects within 8 object streams
 236 named destinations out of 1000 (max. 500000)
 17006 words of extra memory for PDF output out of 17280 (max. 10000000)

